<?xml version="1.0" encoding="UTF-8"?>
<!-- Generated by org.testng.reporters.JUnitXMLReporter -->
<testsuite ignored="0" hostname="LAPTOP-1K8IDF5C" failures="1" tests="1" name="Default test" time="0.689" errors="0" timestamp="2025-02-20T11:27:15 IST">
  <testcase classname="io.cucumber.testng.AbstractTestNGCucumberTests" name="runScenario" time="0.111">
    <failure type="java.lang.NullPointerException" message="Cannot invoke &amp;quot;TestingPractice.pageobject.LandinPage.loginApp(String, String)&amp;quot; because &amp;quot;this.landing&amp;quot; is null">
      <![CDATA[java.lang.NullPointerException: Cannot invoke "TestingPractice.pageobject.LandinPage.loginApp(String, String)" because "this.landing" is null
at Testing.stepDefinator.stepDefinatorImple.Logged_in_with_username_and_password(stepDefinatorImple.java:33)
at ✽.Logged in with username vinitest@test.com and password Test@123(file:///C:/Users/Vinita/eclipse-workspace/SeleniumFrameworkDesign/src/test/java/cucumber/FirstPage.feature:11)
]]>
    </failure>
  </testcase> <!-- runScenario -->
</testsuite> <!-- Default test -->
