<?xml version="1.0" encoding="UTF-8"?>
<!-- Generated by org.testng.reporters.JUnitXMLReporter -->
<testsuite hostname="LAPTOP-1K8IDF5C" failures="1" tests="2" name="Error Validation Test" time="5.893" errors="0" timestamp="28 Nov 2024 10:04:49 GMT">
  <testcase classname="TestingPractice.ErrorValidations" name="submitOrder" time="0.875">
    <failure type="junit.framework.ComparisonFailure" message="expected:&amp;lt;Incorrect email or password.&amp;gt; but was:&amp;lt;Login Successfully&amp;gt;">
      <![CDATA[junit.framework.ComparisonFailure: expected:<Incorrect email or password.> but was:<Login Successfully>
	at junit.framework.Assert.assertEquals(Assert.java:81)
	at junit.framework.Assert.assertEquals(Assert.java:87)
	at TestingPractice.ErrorValidations.submitOrder(ErrorValidations.java:34)
... Removed 22 stack frames]]>
    </failure>
  </testcase> <!-- submitOrder -->
  <testcase classname="TestingPractice.ErrorValidations" name="submitOrder1" time="0.839"/>
</testsuite> <!-- Error Validation Test -->
