<?xml version="1.0" encoding="UTF-8"?>
<!-- Generated by org.testng.reporters.JUnitReportReporter -->
<testsuite hostname="LAPTOP-1K8IDF5C" failures="0" tests="1" name="cucumber.testNgTestRunner" time="0.111" errors="1" timestamp="2025-02-20T11:27:15 IST" skipped="0">
  <testcase classname="cucumber.testNgTestRunner" name="runScenario" time="0.111">
    <error message="Cannot invoke &quot;TestingPractice.pageobject.LandinPage.loginApp(String, String)&quot; because &quot;this.landing&quot; is null" type="java.lang.NullPointerException">
      <![CDATA[java.lang.NullPointerException: Cannot invoke "TestingPractice.pageobject.LandinPage.loginApp(String, String)" because "this.landing" is null
at Testing.stepDefinator.stepDefinatorImple.Logged_in_with_username_and_password(stepDefinatorImple.java:33)
at ✽.Logged in with username vinitest@test.com and password Test@123(file:///C:/Users/Vinita/eclipse-workspace/SeleniumFrameworkDesign/src/test/java/cucumber/FirstPage.feature:11)
]]>
    </error>
  </testcase> <!-- runScenario -->
</testsuite> <!-- cucumber.testNgTestRunner -->
